TN:
SF:src/application/about-page/create/create-about-page.use-case.ts
FN:22,execute
FN:20,CreateAboutPageUseCase
FNF:2
FNH:2
FNDA:6,execute
FNDA:6,CreateAboutPageUseCase
DA:1,1
DA:2,1
DA:3,1
DA:4,1
DA:5,1
DA:6,1
DA:7,1
DA:8,1
DA:9,1
DA:10,1
DA:11,1
DA:12,1
DA:13,1
DA:14,1
DA:15,1
DA:16,1
DA:17,1
DA:18,1
DA:19,1
DA:20,1
DA:21,1
DA:22,1
DA:23,6
DA:24,6
DA:25,6
DA:26,6
DA:27,6
DA:28,1
LF:28
LH:28
BRDA:22,0,0,6
BRDA:20,1,0,6
BRF:2
BRH:2
end_of_record
TN:
SF:src/application/about-page/get/get-about-page.use-case.ts
FN:15,execute
FN:13,GetAboutPageUseCase
FNF:2
FNH:2
FNDA:2,execute
FNDA:2,GetAboutPageUseCase
DA:1,1
DA:2,1
DA:3,1
DA:4,1
DA:5,1
DA:6,1
DA:7,1
DA:8,1
DA:9,1
DA:10,1
DA:11,1
DA:12,1
DA:13,1
DA:14,1
DA:15,1
DA:16,2
DA:17,2
DA:18,2
DA:19,2
DA:20,1
LF:20
LH:20
BRDA:15,0,0,2
BRDA:13,1,0,2
BRF:2
BRH:2
end_of_record
TN:
SF:src/domain/about/about-page.entity.ts
FN:36,create
FN:40,updateSkills
FN:44,updateTitle
FN:48,updateDescription
FN:52,updateImage
FN:56,get title
FN:60,set title
FN:64,get description
FN:68,set description
FN:72,get skills
FN:76,set skills
FN:80,get image
FN:84,set image
FN:88,toJson
FN:24,AboutPage
FNF:15
FNH:11
FNDA:16,create
FNDA:1,updateSkills
FNDA:1,updateTitle
FNDA:1,updateDescription
FNDA:1,updateImage
FNDA:2,get title
FNDA:0,set title
FNDA:2,get description
FNDA:0,set description
FNDA:2,get skills
FNDA:0,set skills
FNDA:1,get image
FNDA:0,set image
FNDA:8,toJson
FNDA:16,AboutPage
DA:1,1
DA:2,1
DA:3,1
DA:4,1
DA:5,1
DA:6,1
DA:7,1
DA:8,1
DA:9,1
DA:10,1
DA:11,1
DA:12,1
DA:13,1
DA:14,1
DA:15,1
DA:16,1
DA:17,1
DA:18,1
DA:19,1
DA:20,1
DA:21,1
DA:22,1
DA:23,1
DA:24,1
DA:25,16
DA:26,16
DA:27,16
DA:28,15
DA:29,15
DA:30,15
DA:31,16
DA:32,16
DA:33,16
DA:34,16
DA:35,1
DA:36,1
DA:37,16
DA:38,16
DA:39,1
DA:40,1
DA:41,1
DA:42,1
DA:43,1
DA:44,1
DA:45,1
DA:46,1
DA:47,1
DA:48,1
DA:49,1
DA:50,1
DA:51,1
DA:52,1
DA:53,1
DA:54,1
DA:55,1
DA:56,1
DA:57,2
DA:58,2
DA:59,1
DA:60,1
DA:61,0
DA:62,0
DA:63,1
DA:64,1
DA:65,2
DA:66,2
DA:67,1
DA:68,1
DA:69,0
DA:70,0
DA:71,1
DA:72,1
DA:73,2
DA:74,2
DA:75,1
DA:76,1
DA:77,0
DA:78,0
DA:79,1
DA:80,1
DA:81,1
DA:82,1
DA:83,1
DA:84,1
DA:85,0
DA:86,0
DA:87,1
DA:88,1
DA:89,8
DA:90,8
DA:91,8
DA:92,8
DA:93,8
DA:94,1
LF:94
LH:86
BRDA:36,0,0,16
BRDA:40,1,0,1
BRDA:44,2,0,1
BRDA:48,3,0,1
BRDA:52,4,0,1
BRDA:56,5,0,2
BRDA:64,6,0,2
BRDA:72,7,0,2
BRDA:80,8,0,1
BRDA:88,9,0,8
BRDA:24,10,0,16
BRDA:25,11,0,15
BRDA:27,12,0,1
BRDA:28,13,0,15
BRDA:31,14,0,14
BRDA:32,15,0,14
BRF:16
BRH:16
end_of_record
TN:
SF:src/domain/menu/menu.entity.ts
FN:31,create
FN:35,updateName
FN:39,updateItems
FN:43,get items
FN:47,set items
FN:51,get name
FN:55,set name
FN:59,get user_id
FN:63,set user_id
FN:67,toJson
FN:18,Menu
FNF:11
FNH:5
FNDA:0,create
FNDA:1,updateName
FNDA:1,updateItems
FNDA:2,get items
FNDA:0,set items
FNDA:1,get name
FNDA:0,set name
FNDA:0,get user_id
FNDA:0,set user_id
FNDA:0,toJson
FNDA:6,Menu
DA:1,1
DA:2,1
DA:3,1
DA:4,1
DA:5,1
DA:6,1
DA:7,1
DA:8,1
DA:9,1
DA:10,1
DA:11,1
DA:12,1
DA:13,1
DA:14,1
DA:15,1
DA:16,1
DA:17,1
DA:18,1
DA:19,6
DA:20,6
DA:21,6
DA:22,6
DA:23,6
DA:24,6
DA:25,6
DA:26,6
DA:27,6
DA:28,6
DA:29,6
DA:30,1
DA:31,1
DA:32,0
DA:33,0
DA:34,1
DA:35,1
DA:36,1
DA:37,1
DA:38,1
DA:39,1
DA:40,1
DA:41,1
DA:42,1
DA:43,1
DA:44,2
DA:45,2
DA:46,1
DA:47,1
DA:48,0
DA:49,0
DA:50,1
DA:51,1
DA:52,1
DA:53,1
DA:54,1
DA:55,1
DA:56,0
DA:57,0
DA:58,1
DA:59,1
DA:60,0
DA:61,0
DA:62,1
DA:63,1
DA:64,0
DA:65,0
DA:66,1
DA:67,1
DA:68,0
DA:69,0
DA:70,1
LF:70
LH:58
BRDA:35,0,0,1
BRDA:39,1,0,1
BRDA:43,2,0,2
BRDA:51,3,0,1
BRDA:18,4,0,6
BRDA:19,5,0,5
BRDA:21,6,0,0
BRDA:25,7,0,0
BRF:8
BRH:6
end_of_record
TN:
SF:src/infra/db/about/index.ts
FNF:0
FNH:0
DA:1,1
DA:2,1
DA:3,1
LF:3
LH:3
BRF:0
BRH:0
end_of_record
TN:
SF:src/infra/db/about/inMemory/about-page-memory.repository.ts
FN:7,get
FN:11,insert
FN:15,count
FNF:3
FNH:3
FNDA:7,get
FNDA:8,insert
FNDA:2,count
DA:1,1
DA:2,1
DA:3,1
DA:4,1
DA:5,1
DA:6,1
DA:7,1
DA:8,7
DA:9,7
DA:10,1
DA:11,1
DA:12,8
DA:13,8
DA:14,1
DA:15,1
DA:16,2
DA:17,2
DA:18,1
LF:18
LH:18
BRDA:7,0,0,7
BRDA:11,1,0,8
BRDA:15,2,0,2
BRF:3
BRH:3
end_of_record
TN:
SF:src/infra/db/menu/index.ts
FNF:0
FNH:0
DA:1,1
DA:2,1
DA:3,1
LF:3
LH:3
BRF:0
BRH:0
end_of_record
TN:
SF:src/infra/db/menu/inMemory/menu-memory.repository.ts
FN:7,insertItem
FN:12,create
FN:16,getAll
FN:20,count
FNF:4
FNH:3
FNDA:0,insertItem
FNDA:2,create
FNDA:4,getAll
FNDA:1,count
DA:1,1
DA:2,1
DA:3,1
DA:4,1
DA:5,1
DA:6,1
DA:7,1
DA:8,0
DA:9,0
DA:10,0
DA:11,1
DA:12,1
DA:13,2
DA:14,2
DA:15,1
DA:16,1
DA:17,4
DA:18,4
DA:19,1
DA:20,1
DA:21,1
DA:22,1
DA:23,1
LF:23
LH:20
BRDA:12,0,0,2
BRDA:16,1,0,4
BRDA:20,2,0,1
BRF:3
BRH:3
end_of_record
TN:
SF:src/infra/http/express/app.ts
FNF:0
FNH:0
DA:1,1
DA:2,1
DA:3,1
DA:4,1
DA:5,1
DA:6,1
DA:7,1
DA:8,1
DA:9,1
DA:10,1
DA:11,2
DA:12,1
DA:13,1
DA:14,1
DA:15,1
DA:16,0
DA:17,0
DA:18,0
DA:19,0
DA:20,0
DA:21,0
DA:22,1
DA:23,1
DA:24,1
LF:24
LH:18
BRDA:10,0,0,2
BRF:1
BRH:1
end_of_record
TN:
SF:src/infra/http/express/routes/index.ts
FNF:0
FNH:0
DA:1,1
DA:2,1
DA:3,1
DA:4,1
DA:5,1
DA:6,1
DA:7,1
DA:8,1
DA:9,1
DA:10,1
LF:10
LH:10
BRF:0
BRH:0
end_of_record
TN:
SF:src/infra/http/express/routes/aboutPage/index.ts
FNF:0
FNH:0
DA:1,1
DA:2,1
DA:3,1
DA:4,1
DA:5,1
DA:6,1
DA:7,1
DA:8,1
DA:9,1
DA:10,1
DA:11,1
DA:12,1
DA:13,4
DA:14,4
DA:15,4
DA:16,4
DA:17,1
DA:18,1
DA:19,1
DA:20,1
DA:21,1
DA:22,1
DA:23,1
DA:24,1
DA:25,1
DA:26,1
LF:26
LH:26
BRDA:12,0,0,4
BRDA:19,1,0,1
BRF:2
BRH:2
end_of_record
TN:
SF:src/infra/http/express/routes/menu/index.ts
FNF:0
FNH:0
DA:1,1
DA:2,1
DA:3,1
DA:4,1
DA:5,1
DA:6,1
DA:7,1
DA:8,1
DA:9,1
DA:10,1
DA:11,1
DA:12,1
DA:13,1
DA:14,1
DA:15,1
DA:16,1
DA:17,1
DA:18,1
DA:19,1
DA:20,1
DA:21,1
LF:21
LH:21
BRDA:9,0,0,1
BRDA:15,1,0,1
BRF:2
BRH:2
end_of_record
TN:
SF:src/infra/http/express/routes/menu/mock.ts
FNF:0
FNH:0
DA:1,1
DA:2,1
DA:3,1
DA:4,1
DA:5,1
DA:6,1
DA:7,1
DA:8,1
DA:9,1
DA:10,1
DA:11,1
DA:12,1
DA:13,1
LF:13
LH:13
BRF:0
BRH:0
end_of_record
